digital-basic/build/intermediates/manifest_merge_blame_file/debug/manifest-merger-blame-debug-report.txt
1<?xml version="1.0" encoding="utf-8"?>
2<manifest xmlns:android="http://schemas.android.com/apk/res/android"
3    package="com.example.watchface.digitalbasic"
4    android:versionCode="1"
5    android:versionName="1.0" >
6
7    <uses-sdk
8        android:minSdkVersion="33"
9        android:targetSdkVersion="34" />
10
11    <uses-feature android:name="android.hardware.type.watch" />
11-->src/main/AndroidManifest.xml:3:5-64
11-->src/main/AndroidManifest.xml:3:19-61
12
13    <application
13-->src/main/AndroidManifest.xml:5:5-37:19
14        android:allowBackup="true"
14-->src/main/AndroidManifest.xml:6:9-35
15        android:debuggable="true"
16        android:extractNativeLibs="false"
17        android:hasCode="false"
17-->src/main/AndroidManifest.xml:10:9-32
18        android:label="@string/app_name"
18-->src/main/AndroidManifest.xml:7:9-41
19        android:supportsRtl="true"
19-->src/main/AndroidManifest.xml:8:9-35
20        android:theme="@android:style/Theme.DeviceDefault" >
20-->src/main/AndroidManifest.xml:9:9-59
21        <property
21-->src/main/AndroidManifest.xml:12:9-14:33
22            android:name="com.google.wear.watchface.format.version"
22-->src/main/AndroidManifest.xml:13:13-68
23            android:value="2" />
23-->src/main/AndroidManifest.xml:14:13-30
24        <property
24-->src/main/AndroidManifest.xml:12:9-14:33
25            android:name="com.google.wear.watchface.format.definition"
25-->src/main/AndroidManifest.xml:13:13-68
26            android:resource="@raw/watchface" />
26-->src/main/AndroidManifest.xml:18:13-46
27
28        <service
28-->src/main/AndroidManifest.xml:20:9-35:19
29            android:name="com.google.android.clockwork.watchfaces.WatchFaceService"
29-->src/main/AndroidManifest.xml:21:13-84
30            android:exported="true"
30-->src/main/AndroidManifest.xml:22:13-36
31            android:label="@string/app_name"
31-->src/main/AndroidManifest.xml:23:13-45
32            android:permission="android.permission.BIND_WATCH_FACE" >
32-->src/main/AndroidManifest.xml:24:13-68
33            <intent-filter>
33-->src/main/AndroidManifest.xml:25:13-28:29
34                <action android:name="android.service.wallpaper.WallpaperService" />
34-->src/main/AndroidManifest.xml:26:17-85
34-->src/main/AndroidManifest.xml:26:25-82
35
36                <category android:name="com.google.android.wearable.watchface.category.WATCH_FACE" />
36-->src/main/AndroidManifest.xml:27:17-102
36-->src/main/AndroidManifest.xml:27:27-99
37            </intent-filter>
38
39            <meta-data
39-->src/main/AndroidManifest.xml:29:13-31:59
40                android:name="android.service.wallpaper"
40-->src/main/AndroidManifest.xml:30:17-57
41                android:resource="@xml/watch_face_info" />
41-->src/main/AndroidManifest.xml:31:17-56
42            <meta-data
42-->src/main/AndroidManifest.xml:32:13-34:88
43                android:name="com.google.android.wearable.watchface.wearableConfigurationAction"
43-->src/main/AndroidManifest.xml:33:17-97
44                android:value="com.google.android.wearable.watchface.CONFIG_DIGITAL" />
44-->src/main/AndroidManifest.xml:34:17-85
45        </service>
46    </application>
47
48</manifest>